2020-06-01 16:15:30,574 ERROR: Exception on /new_plan [GET] [in C:\Users\Stromel\AppData\Local\Programs\Python\Python38\lib\site-packages\flask\app.py:1891]
Traceback (most recent call last):
  File "C:\Users\Stromel\AppData\Local\Programs\Python\Python38\lib\site-packages\flask\app.py", line 2447, in wsgi_app
    response = self.full_dispatch_request()
  File "C:\Users\Stromel\AppData\Local\Programs\Python\Python38\lib\site-packages\flask\app.py", line 1952, in full_dispatch_request
    rv = self.handle_user_exception(e)
  File "C:\Users\Stromel\AppData\Local\Programs\Python\Python38\lib\site-packages\flask\app.py", line 1821, in handle_user_exception
    reraise(exc_type, exc_value, tb)
  File "C:\Users\Stromel\AppData\Local\Programs\Python\Python38\lib\site-packages\flask\_compat.py", line 39, in reraise
    raise value
  File "C:\Users\Stromel\AppData\Local\Programs\Python\Python38\lib\site-packages\flask\app.py", line 1950, in full_dispatch_request
    rv = self.dispatch_request()
  File "C:\Users\Stromel\AppData\Local\Programs\Python\Python38\lib\site-packages\flask\app.py", line 1936, in dispatch_request
    return self.view_functions[rule.endpoint](**req.view_args)
  File "C:\Users\Stromel\Data\ohg_plan_parser\app\main\routes_main.py", line 151, in new_plan
    return render_template("new_plan_faulty_url.html")
  File "C:\Users\Stromel\AppData\Local\Programs\Python\Python38\lib\site-packages\flask\templating.py", line 137, in render_template
    return _render(
  File "C:\Users\Stromel\AppData\Local\Programs\Python\Python38\lib\site-packages\flask\templating.py", line 120, in _render
    rv = template.render(context)
  File "C:\Users\Stromel\AppData\Local\Programs\Python\Python38\lib\site-packages\jinja2\environment.py", line 1090, in render
    self.environment.handle_exception()
  File "C:\Users\Stromel\AppData\Local\Programs\Python\Python38\lib\site-packages\jinja2\environment.py", line 832, in handle_exception
    reraise(*rewrite_traceback_stack(source=source))
  File "C:\Users\Stromel\AppData\Local\Programs\Python\Python38\lib\site-packages\jinja2\_compat.py", line 28, in reraise
    raise value.with_traceback(tb)
  File "C:\Users\Stromel\Data\ohg_plan_parser\app\main\templates\new_plan_faulty_url.html", line 2, in top-level template code
    {% import 'bootstrap/wtf.html' as wtf %}
  File "C:\Users\Stromel\Data\ohg_plan_parser\app\templates\base.html", line 1, in top-level template code
    {% extends 'bootstrap/base.html' %}
  File "C:\Users\Stromel\AppData\Local\Programs\Python\Python38\lib\site-packages\flask_bootstrap\templates\bootstrap\base.html", line 1, in top-level template code
    {% block doc -%}
  File "C:\Users\Stromel\AppData\Local\Programs\Python\Python38\lib\site-packages\flask_bootstrap\templates\bootstrap\base.html", line 4, in block "doc"
    {%- block html %}
  File "C:\Users\Stromel\AppData\Local\Programs\Python\Python38\lib\site-packages\flask_bootstrap\templates\bootstrap\base.html", line 20, in block "html"
    {% block body -%}
  File "C:\Users\Stromel\AppData\Local\Programs\Python\Python38\lib\site-packages\flask_bootstrap\templates\bootstrap\base.html", line 23, in block "body"
    {% block content -%}
  File "C:\Users\Stromel\Data\ohg_plan_parser\app\templates\base.html", line 48, in block "content"
    {% block app_content %}{% endblock %}
  File "C:\Users\Stromel\Data\ohg_plan_parser\app\main\templates\new_plan_faulty_url.html", line 6, in block "app_content"
    <p>Die in die URL integrierten Variablen sind nicht nutzbar. Eine nutzbare URL kann <a href="{{ url_for("new_plan_link_creator") }}">hier</a> erstellt werden.</p>
  File "C:\Users\Stromel\AppData\Local\Programs\Python\Python38\lib\site-packages\flask\helpers.py", line 370, in url_for
    return appctx.app.handle_url_build_error(error, endpoint, values)
  File "C:\Users\Stromel\AppData\Local\Programs\Python\Python38\lib\site-packages\flask\app.py", line 2216, in handle_url_build_error
    reraise(exc_type, exc_value, tb)
  File "C:\Users\Stromel\AppData\Local\Programs\Python\Python38\lib\site-packages\flask\_compat.py", line 39, in reraise
    raise value
  File "C:\Users\Stromel\AppData\Local\Programs\Python\Python38\lib\site-packages\flask\helpers.py", line 357, in url_for
    rv = url_adapter.build(
  File "C:\Users\Stromel\AppData\Local\Programs\Python\Python38\lib\site-packages\werkzeug\routing.py", line 2179, in build
    raise BuildError(endpoint, values, method, self)
werkzeug.routing.BuildError: Could not build url for endpoint 'new_plan_link_creator'. Did you mean 'main.new_plan_link_creator' instead?
2020-06-01 16:16:17,228 INFO: ohg_plan_parser startup [in C:\Users\Stromel\Data\ohg_plan_parser\app\__init__.py:56]
2020-06-01 16:16:42,659 INFO: ohg_plan_parser startup [in C:\Users\Stromel\Data\ohg_plan_parser\app\__init__.py:56]
2020-06-01 16:19:09,661 INFO: ohg_plan_parser startup [in C:\Users\Stromel\Data\ohg_plan_parser\app\__init__.py:56]
2020-06-01 16:22:04,013 INFO: ohg_plan_parser startup [in C:\Users\Stromel\Data\ohg_plan_parser\app\__init__.py:56]
2020-06-01 16:22:16,855 INFO: ohg_plan_parser startup [in C:\Users\Stromel\Data\ohg_plan_parser\app\__init__.py:56]
2020-06-01 16:22:31,544 INFO: ohg_plan_parser startup [in C:\Users\Stromel\Data\ohg_plan_parser\app\__init__.py:56]
2020-06-01 16:22:59,076 INFO: ohg_plan_parser startup [in C:\Users\Stromel\Data\ohg_plan_parser\app\__init__.py:56]
2020-06-01 16:23:49,546 INFO: ohg_plan_parser startup [in C:\Users\Stromel\Data\ohg_plan_parser\app\__init__.py:56]
2020-06-01 16:26:27,650 INFO: ohg_plan_parser startup [in C:\Users\Stromel\Data\ohg_plan_parser\app\__init__.py:56]
2020-06-01 16:26:35,975 INFO: ohg_plan_parser startup [in C:\Users\Stromel\Data\ohg_plan_parser\app\__init__.py:56]
2020-06-01 16:28:46,786 INFO: ohg_plan_parser startup [in C:\Users\Stromel\Data\ohg_plan_parser\app\__init__.py:56]
2020-06-01 16:36:08,536 INFO: ohg_plan_parser startup [in C:\Users\Stromel\Data\ohg_plan_parser\app\__init__.py:56]
2020-06-01 16:36:42,131 INFO: ohg_plan_parser startup [in C:\Users\Stromel\Data\ohg_plan_parser\app\__init__.py:56]
2020-06-01 16:53:46,449 INFO: ohg_plan_parser startup [in C:\Users\Stromel\Data\ohg_plan_parser\app\__init__.py:56]
2020-06-01 16:57:37,295 INFO: ohg_plan_parser startup [in C:\Users\Stromel\Data\ohg_plan_parser\app\__init__.py:56]
2020-06-03 06:41:56,148 INFO: ohg_plan_parser startup [in C:\Users\Stromel\Data\ohg_plan_parser\app\__init__.py:56]
2020-06-03 06:44:56,406 INFO: ohg_plan_parser startup [in C:\Users\Stromel\Data\ohg_plan_parser\app\__init__.py:56]
2020-06-03 06:45:41,189 INFO: ohg_plan_parser startup [in C:\Users\Stromel\Data\ohg_plan_parser\app\__init__.py:56]
2020-06-03 06:46:44,868 INFO: ohg_plan_parser startup [in C:\Users\Stromel\Data\ohg_plan_parser\app\__init__.py:56]
2020-06-03 06:47:09,483 INFO: ohg_plan_parser startup [in C:\Users\Stromel\Data\ohg_plan_parser\app\__init__.py:56]
2020-06-03 06:48:16,315 INFO: ohg_plan_parser startup [in C:\Users\Stromel\Data\ohg_plan_parser\app\__init__.py:56]
2020-06-03 06:49:11,901 INFO: ohg_plan_parser startup [in C:\Users\Stromel\Data\ohg_plan_parser\app\__init__.py:56]
2020-06-03 06:49:43,241 INFO: ohg_plan_parser startup [in C:\Users\Stromel\Data\ohg_plan_parser\app\__init__.py:56]
2020-06-03 18:07:38,876 INFO: ohg_plan_parser startup [in C:\Users\Stromel\Data\ohg_plan_parser\app\__init__.py:56]
2020-06-03 18:08:55,490 INFO: ohg_plan_parser startup [in C:\Users\Stromel\Data\ohg_plan_parser\app\__init__.py:56]
